This is pdfTeX, Version 3.141592653-2.6-1.40.25 (MiKTeX 24.1) (preloaded format=pdflatex 2024.12.1)  13 DEC 2024 20:40
entering extended mode
 restricted \write18 enabled.
 %&-line parsing enabled.
**dumpLatex\\dumpTex.tex

! Emergency stop.
<to be read again> 
                   \let 
<*> dumpLatex\\
               dumpTex.tex
End of file on the terminal!

 
Here is how much of TeX's memory you used:
 3 strings out of 474485
 135 string characters out of 5734766
 1924542 words of memory out of 5000000
 22394 multiletter control sequences out of 15000+600000
 558069 words of font info for 36 fonts, out of 8000000 for 9000
 1141 hyphenation exceptions out of 8191
 2i,0n,0p,1b,6s stack positions out of 10000i,1000n,20000p,200000b,200000s
!  ==> Fatal error occurred, no output PDF file produced!
